Started GET "/messages" for 127.0.0.1 at 2018-04-08 14:47:52 -0700
  [1m[35m (2.1ms)[0m  [1m[34mSELECT "schema_migrations"."version" FROM "schema_migrations" ORDER BY "schema_migrations"."version" ASC[0m
  
ActionController::RoutingError (No route matches [GET] "/messages"):
  
actionpack (5.1.5) lib/action_dispatch/middleware/debug_exceptions.rb:63:in `call'
web-console (3.5.1) lib/web_console/middleware.rb:135:in `call_app'
web-console (3.5.1) lib/web_console/middleware.rb:28:in `block in call'
web-console (3.5.1) lib/web_console/middleware.rb:18:in `catch'
web-console (3.5.1) lib/web_console/middleware.rb:18:in `call'
actionpack (5.1.5) lib/action_dispatch/middleware/show_exceptions.rb:31:in `call'
railties (5.1.5) lib/rails/rack/logger.rb:36:in `call_app'
railties (5.1.5) lib/rails/rack/logger.rb:24:in `block in call'
activesupport (5.1.5) lib/active_support/tagged_logging.rb:69:in `block in tagged'
activesupport (5.1.5) lib/active_support/tagged_logging.rb:26:in `tagged'
activesupport (5.1.5) lib/active_support/tagged_logging.rb:69:in `tagged'
railties (5.1.5) lib/rails/rack/logger.rb:24:in `call'
sprockets-rails (3.2.1) lib/sprockets/rails/quiet_assets.rb:13:in `call'
actionpack (5.1.5) lib/action_dispatch/middleware/remote_ip.rb:79:in `call'
actionpack (5.1.5) lib/action_dispatch/middleware/request_id.rb:25:in `call'
rack (2.0.4) lib/rack/method_override.rb:22:in `call'
rack (2.0.4) lib/rack/runtime.rb:22:in `call'
activesupport (5.1.5) lib/active_support/cache/strategy/local_cache_middleware.rb:27:in `call'
actionpack (5.1.5) lib/action_dispatch/middleware/executor.rb:12:in `call'
actionpack (5.1.5) lib/action_dispatch/middleware/static.rb:125:in `call'
rack (2.0.4) lib/rack/sendfile.rb:111:in `call'
railties (5.1.5) lib/rails/engine.rb:522:in `call'
puma (3.11.3) lib/puma/configuration.rb:225:in `call'
puma (3.11.3) lib/puma/server.rb:624:in `handle_request'
puma (3.11.3) lib/puma/server.rb:438:in `process_client'
puma (3.11.3) lib/puma/server.rb:302:in `block in run'
puma (3.11.3) lib/puma/thread_pool.rb:120:in `call'
puma (3.11.3) lib/puma/thread_pool.rb:120:in `block in spawn_thread'
Started GET "/messages" for 127.0.0.1 at 2018-04-08 14:47:56 -0700
  
ActionController::RoutingError (No route matches [GET] "/messages"):
  
actionpack (5.1.5) lib/action_dispatch/middleware/debug_exceptions.rb:63:in `call'
web-console (3.5.1) lib/web_console/middleware.rb:135:in `call_app'
web-console (3.5.1) lib/web_console/middleware.rb:28:in `block in call'
web-console (3.5.1) lib/web_console/middleware.rb:18:in `catch'
web-console (3.5.1) lib/web_console/middleware.rb:18:in `call'
actionpack (5.1.5) lib/action_dispatch/middleware/show_exceptions.rb:31:in `call'
railties (5.1.5) lib/rails/rack/logger.rb:36:in `call_app'
railties (5.1.5) lib/rails/rack/logger.rb:24:in `block in call'
activesupport (5.1.5) lib/active_support/tagged_logging.rb:69:in `block in tagged'
activesupport (5.1.5) lib/active_support/tagged_logging.rb:26:in `tagged'
activesupport (5.1.5) lib/active_support/tagged_logging.rb:69:in `tagged'
railties (5.1.5) lib/rails/rack/logger.rb:24:in `call'
sprockets-rails (3.2.1) lib/sprockets/rails/quiet_assets.rb:13:in `call'
actionpack (5.1.5) lib/action_dispatch/middleware/remote_ip.rb:79:in `call'
actionpack (5.1.5) lib/action_dispatch/middleware/request_id.rb:25:in `call'
rack (2.0.4) lib/rack/method_override.rb:22:in `call'
rack (2.0.4) lib/rack/runtime.rb:22:in `call'
activesupport (5.1.5) lib/active_support/cache/strategy/local_cache_middleware.rb:27:in `call'
actionpack (5.1.5) lib/action_dispatch/middleware/executor.rb:12:in `call'
actionpack (5.1.5) lib/action_dispatch/middleware/static.rb:125:in `call'
rack (2.0.4) lib/rack/sendfile.rb:111:in `call'
railties (5.1.5) lib/rails/engine.rb:522:in `call'
puma (3.11.3) lib/puma/configuration.rb:225:in `call'
puma (3.11.3) lib/puma/server.rb:624:in `handle_request'
puma (3.11.3) lib/puma/server.rb:438:in `process_client'
puma (3.11.3) lib/puma/server.rb:302:in `block in run'
puma (3.11.3) lib/puma/thread_pool.rb:120:in `call'
puma (3.11.3) lib/puma/thread_pool.rb:120:in `block in spawn_thread'
Started GET "/messages" for 127.0.0.1 at 2018-04-08 14:51:32 -0700
  
ActionController::RoutingError (No route matches [GET] "/messages"):
  
actionpack (5.1.5) lib/action_dispatch/middleware/debug_exceptions.rb:63:in `call'
web-console (3.5.1) lib/web_console/middleware.rb:135:in `call_app'
web-console (3.5.1) lib/web_console/middleware.rb:28:in `block in call'
web-console (3.5.1) lib/web_console/middleware.rb:18:in `catch'
web-console (3.5.1) lib/web_console/middleware.rb:18:in `call'
actionpack (5.1.5) lib/action_dispatch/middleware/show_exceptions.rb:31:in `call'
railties (5.1.5) lib/rails/rack/logger.rb:36:in `call_app'
railties (5.1.5) lib/rails/rack/logger.rb:24:in `block in call'
activesupport (5.1.5) lib/active_support/tagged_logging.rb:69:in `block in tagged'
activesupport (5.1.5) lib/active_support/tagged_logging.rb:26:in `tagged'
activesupport (5.1.5) lib/active_support/tagged_logging.rb:69:in `tagged'
railties (5.1.5) lib/rails/rack/logger.rb:24:in `call'
sprockets-rails (3.2.1) lib/sprockets/rails/quiet_assets.rb:13:in `call'
actionpack (5.1.5) lib/action_dispatch/middleware/remote_ip.rb:79:in `call'
actionpack (5.1.5) lib/action_dispatch/middleware/request_id.rb:25:in `call'
rack (2.0.4) lib/rack/method_override.rb:22:in `call'
rack (2.0.4) lib/rack/runtime.rb:22:in `call'
activesupport (5.1.5) lib/active_support/cache/strategy/local_cache_middleware.rb:27:in `call'
actionpack (5.1.5) lib/action_dispatch/middleware/executor.rb:12:in `call'
actionpack (5.1.5) lib/action_dispatch/middleware/static.rb:125:in `call'
rack (2.0.4) lib/rack/sendfile.rb:111:in `call'
railties (5.1.5) lib/rails/engine.rb:522:in `call'
puma (3.11.3) lib/puma/configuration.rb:225:in `call'
puma (3.11.3) lib/puma/server.rb:624:in `handle_request'
puma (3.11.3) lib/puma/server.rb:438:in `process_client'
puma (3.11.3) lib/puma/server.rb:302:in `block in run'
puma (3.11.3) lib/puma/thread_pool.rb:120:in `call'
puma (3.11.3) lib/puma/thread_pool.rb:120:in `block in spawn_thread'
Started GET "/messages" for 127.0.0.1 at 2018-04-08 14:51:36 -0700
  
ActionController::RoutingError (No route matches [GET] "/messages"):
  
actionpack (5.1.5) lib/action_dispatch/middleware/debug_exceptions.rb:63:in `call'
web-console (3.5.1) lib/web_console/middleware.rb:135:in `call_app'
web-console (3.5.1) lib/web_console/middleware.rb:28:in `block in call'
web-console (3.5.1) lib/web_console/middleware.rb:18:in `catch'
web-console (3.5.1) lib/web_console/middleware.rb:18:in `call'
actionpack (5.1.5) lib/action_dispatch/middleware/show_exceptions.rb:31:in `call'
railties (5.1.5) lib/rails/rack/logger.rb:36:in `call_app'
railties (5.1.5) lib/rails/rack/logger.rb:24:in `block in call'
activesupport (5.1.5) lib/active_support/tagged_logging.rb:69:in `block in tagged'
activesupport (5.1.5) lib/active_support/tagged_logging.rb:26:in `tagged'
activesupport (5.1.5) lib/active_support/tagged_logging.rb:69:in `tagged'
railties (5.1.5) lib/rails/rack/logger.rb:24:in `call'
sprockets-rails (3.2.1) lib/sprockets/rails/quiet_assets.rb:13:in `call'
actionpack (5.1.5) lib/action_dispatch/middleware/remote_ip.rb:79:in `call'
actionpack (5.1.5) lib/action_dispatch/middleware/request_id.rb:25:in `call'
rack (2.0.4) lib/rack/method_override.rb:22:in `call'
rack (2.0.4) lib/rack/runtime.rb:22:in `call'
activesupport (5.1.5) lib/active_support/cache/strategy/local_cache_middleware.rb:27:in `call'
actionpack (5.1.5) lib/action_dispatch/middleware/executor.rb:12:in `call'
actionpack (5.1.5) lib/action_dispatch/middleware/static.rb:125:in `call'
rack (2.0.4) lib/rack/sendfile.rb:111:in `call'
railties (5.1.5) lib/rails/engine.rb:522:in `call'
puma (3.11.3) lib/puma/configuration.rb:225:in `call'
puma (3.11.3) lib/puma/server.rb:624:in `handle_request'
puma (3.11.3) lib/puma/server.rb:438:in `process_client'
puma (3.11.3) lib/puma/server.rb:302:in `block in run'
puma (3.11.3) lib/puma/thread_pool.rb:120:in `call'
puma (3.11.3) lib/puma/thread_pool.rb:120:in `block in spawn_thread'
Started GET "/" for 127.0.0.1 at 2018-04-08 14:51:41 -0700
Processing by Rails::WelcomeController#index as HTML
  Rendering /Users/zack/.rvm/gems/ruby-2.2.5/gems/railties-5.1.5/lib/rails/templates/rails/welcome/index.html.erb
  Rendered /Users/zack/.rvm/gems/ruby-2.2.5/gems/railties-5.1.5/lib/rails/templates/rails/welcome/index.html.erb (4.2ms)
Completed 200 OK in 24ms (Views: 11.9ms | ActiveRecord: 0.0ms)


Started GET "/rails/info/routes" for 127.0.0.1 at 2018-04-08 15:15:27 -0700
Processing by Rails::InfoController#routes as HTML
  Rendering /Users/zack/.rvm/gems/ruby-2.2.5/gems/railties-5.1.5/lib/rails/templates/rails/info/routes.html.erb within layouts/application
  Rendered /Users/zack/.rvm/gems/ruby-2.2.5/gems/actionpack-5.1.5/lib/action_dispatch/middleware/templates/routes/_table.html.erb (2.1ms)
  Rendered /Users/zack/.rvm/gems/ruby-2.2.5/gems/railties-5.1.5/lib/rails/templates/rails/info/routes.html.erb within layouts/application (10.4ms)
Completed 200 OK in 37ms (Views: 26.6ms | ActiveRecord: 0.0ms)


Started GET "/" for 127.0.0.1 at 2018-04-08 15:24:19 -0700
  
SyntaxError (/Users/zack/Desktop/code/iiwmd/config/routes.rb:3: syntax error, unexpected tSTRING_BEG, expecting keyword_do or '{' or '('
get '/messages', to 'pages#messages'
                     ^):
  
config/routes.rb:3: syntax error, unexpected tSTRING_BEG, expecting keyword_do or '{' or '('
Started GET "/messages" for 127.0.0.1 at 2018-04-08 15:24:20 -0700
  
ActionController::RoutingError (No route matches [GET] "/messages"):
  
actionpack (5.1.5) lib/action_dispatch/middleware/debug_exceptions.rb:63:in `call'
web-console (3.5.1) lib/web_console/middleware.rb:135:in `call_app'
web-console (3.5.1) lib/web_console/middleware.rb:28:in `block in call'
web-console (3.5.1) lib/web_console/middleware.rb:18:in `catch'
web-console (3.5.1) lib/web_console/middleware.rb:18:in `call'
actionpack (5.1.5) lib/action_dispatch/middleware/show_exceptions.rb:31:in `call'
railties (5.1.5) lib/rails/rack/logger.rb:36:in `call_app'
railties (5.1.5) lib/rails/rack/logger.rb:24:in `block in call'
activesupport (5.1.5) lib/active_support/tagged_logging.rb:69:in `block in tagged'
activesupport (5.1.5) lib/active_support/tagged_logging.rb:26:in `tagged'
activesupport (5.1.5) lib/active_support/tagged_logging.rb:69:in `tagged'
railties (5.1.5) lib/rails/rack/logger.rb:24:in `call'
sprockets-rails (3.2.1) lib/sprockets/rails/quiet_assets.rb:13:in `call'
actionpack (5.1.5) lib/action_dispatch/middleware/remote_ip.rb:79:in `call'
actionpack (5.1.5) lib/action_dispatch/middleware/request_id.rb:25:in `call'
rack (2.0.4) lib/rack/method_override.rb:22:in `call'
rack (2.0.4) lib/rack/runtime.rb:22:in `call'
activesupport (5.1.5) lib/active_support/cache/strategy/local_cache_middleware.rb:27:in `call'
actionpack (5.1.5) lib/action_dispatch/middleware/executor.rb:12:in `call'
actionpack (5.1.5) lib/action_dispatch/middleware/static.rb:125:in `call'
rack (2.0.4) lib/rack/sendfile.rb:111:in `call'
railties (5.1.5) lib/rails/engine.rb:522:in `call'
puma (3.11.3) lib/puma/configuration.rb:225:in `call'
puma (3.11.3) lib/puma/server.rb:624:in `handle_request'
puma (3.11.3) lib/puma/server.rb:438:in `process_client'
puma (3.11.3) lib/puma/server.rb:302:in `block in run'
puma (3.11.3) lib/puma/thread_pool.rb:120:in `call'
puma (3.11.3) lib/puma/thread_pool.rb:120:in `block in spawn_thread'
Started GET "/messages" for 127.0.0.1 at 2018-04-08 15:24:21 -0700
  
ActionController::RoutingError (No route matches [GET] "/messages"):
  
actionpack (5.1.5) lib/action_dispatch/middleware/debug_exceptions.rb:63:in `call'
web-console (3.5.1) lib/web_console/middleware.rb:135:in `call_app'
web-console (3.5.1) lib/web_console/middleware.rb:28:in `block in call'
web-console (3.5.1) lib/web_console/middleware.rb:18:in `catch'
web-console (3.5.1) lib/web_console/middleware.rb:18:in `call'
actionpack (5.1.5) lib/action_dispatch/middleware/show_exceptions.rb:31:in `call'
railties (5.1.5) lib/rails/rack/logger.rb:36:in `call_app'
railties (5.1.5) lib/rails/rack/logger.rb:24:in `block in call'
activesupport (5.1.5) lib/active_support/tagged_logging.rb:69:in `block in tagged'
activesupport (5.1.5) lib/active_support/tagged_logging.rb:26:in `tagged'
activesupport (5.1.5) lib/active_support/tagged_logging.rb:69:in `tagged'
railties (5.1.5) lib/rails/rack/logger.rb:24:in `call'
sprockets-rails (3.2.1) lib/sprockets/rails/quiet_assets.rb:13:in `call'
actionpack (5.1.5) lib/action_dispatch/middleware/remote_ip.rb:79:in `call'
actionpack (5.1.5) lib/action_dispatch/middleware/request_id.rb:25:in `call'
rack (2.0.4) lib/rack/method_override.rb:22:in `call'
rack (2.0.4) lib/rack/runtime.rb:22:in `call'
activesupport (5.1.5) lib/active_support/cache/strategy/local_cache_middleware.rb:27:in `call'
actionpack (5.1.5) lib/action_dispatch/middleware/executor.rb:12:in `call'
actionpack (5.1.5) lib/action_dispatch/middleware/static.rb:125:in `call'
rack (2.0.4) lib/rack/sendfile.rb:111:in `call'
railties (5.1.5) lib/rails/engine.rb:522:in `call'
puma (3.11.3) lib/puma/configuration.rb:225:in `call'
puma (3.11.3) lib/puma/server.rb:624:in `handle_request'
puma (3.11.3) lib/puma/server.rb:438:in `process_client'
puma (3.11.3) lib/puma/server.rb:302:in `block in run'
puma (3.11.3) lib/puma/thread_pool.rb:120:in `call'
puma (3.11.3) lib/puma/thread_pool.rb:120:in `block in spawn_thread'
Started GET "/messages" for 127.0.0.1 at 2018-04-08 15:24:38 -0700
  
SyntaxError (/Users/zack/Desktop/code/iiwmd/config/routes.rb:3: syntax error, unexpected tSTRING_BEG, expecting keyword_do or '{' or '('
get '/messages', to '#messages'
                     ^):
  
config/routes.rb:3: syntax error, unexpected tSTRING_BEG, expecting keyword_do or '{' or '('
Started GET "/messages" for 127.0.0.1 at 2018-04-08 15:24:47 -0700
  
SyntaxError (/Users/zack/Desktop/code/iiwmd/config/routes.rb:3: syntax error, unexpected tSTRING_BEG, expecting keyword_do or '{' or '('
get '/messages', to 'pages#index'
                     ^):
  
config/routes.rb:3: syntax error, unexpected tSTRING_BEG, expecting keyword_do or '{' or '('
Started GET "/messages" for 127.0.0.1 at 2018-04-08 15:24:49 -0700
  
ActionController::RoutingError (No route matches [GET] "/messages"):
  
actionpack (5.1.5) lib/action_dispatch/middleware/debug_exceptions.rb:63:in `call'
web-console (3.5.1) lib/web_console/middleware.rb:135:in `call_app'
web-console (3.5.1) lib/web_console/middleware.rb:28:in `block in call'
web-console (3.5.1) lib/web_console/middleware.rb:18:in `catch'
web-console (3.5.1) lib/web_console/middleware.rb:18:in `call'
actionpack (5.1.5) lib/action_dispatch/middleware/show_exceptions.rb:31:in `call'
railties (5.1.5) lib/rails/rack/logger.rb:36:in `call_app'
railties (5.1.5) lib/rails/rack/logger.rb:24:in `block in call'
activesupport (5.1.5) lib/active_support/tagged_logging.rb:69:in `block in tagged'
activesupport (5.1.5) lib/active_support/tagged_logging.rb:26:in `tagged'
activesupport (5.1.5) lib/active_support/tagged_logging.rb:69:in `tagged'
railties (5.1.5) lib/rails/rack/logger.rb:24:in `call'
sprockets-rails (3.2.1) lib/sprockets/rails/quiet_assets.rb:13:in `call'
actionpack (5.1.5) lib/action_dispatch/middleware/remote_ip.rb:79:in `call'
actionpack (5.1.5) lib/action_dispatch/middleware/request_id.rb:25:in `call'
rack (2.0.4) lib/rack/method_override.rb:22:in `call'
rack (2.0.4) lib/rack/runtime.rb:22:in `call'
activesupport (5.1.5) lib/active_support/cache/strategy/local_cache_middleware.rb:27:in `call'
actionpack (5.1.5) lib/action_dispatch/middleware/executor.rb:12:in `call'
actionpack (5.1.5) lib/action_dispatch/middleware/static.rb:125:in `call'
rack (2.0.4) lib/rack/sendfile.rb:111:in `call'
railties (5.1.5) lib/rails/engine.rb:522:in `call'
puma (3.11.3) lib/puma/configuration.rb:225:in `call'
puma (3.11.3) lib/puma/server.rb:624:in `handle_request'
puma (3.11.3) lib/puma/server.rb:438:in `process_client'
puma (3.11.3) lib/puma/server.rb:302:in `block in run'
puma (3.11.3) lib/puma/thread_pool.rb:120:in `call'
puma (3.11.3) lib/puma/thread_pool.rb:120:in `block in spawn_thread'
Started GET "/" for 127.0.0.1 at 2018-04-08 15:27:18 -0700
Processing by Rails::WelcomeController#index as HTML
  Rendering /Users/zack/.rvm/gems/ruby-2.2.5/gems/railties-5.1.5/lib/rails/templates/rails/welcome/index.html.erb
  Rendered /Users/zack/.rvm/gems/ruby-2.2.5/gems/railties-5.1.5/lib/rails/templates/rails/welcome/index.html.erb (5.6ms)
Completed 200 OK in 16ms (Views: 10.4ms | ActiveRecord: 0.0ms)


Started GET "/messages/new" for 127.0.0.1 at 2018-04-08 15:27:27 -0700
Processing by MessagesController#new as HTML
  Rendering messages/new.html.erb within layouts/application
  Rendered messages/_form.html.erb (21.4ms)
  Rendered messages/new.html.erb within layouts/application (25.6ms)
Completed 200 OK in 353ms (Views: 297.3ms | ActiveRecord: 36.8ms)


Started GET "/messages/new" for 127.0.0.1 at 2018-04-08 15:27:34 -0700
Processing by MessagesController#new as HTML
  Rendering messages/new.html.erb within layouts/application
  Rendered messages/_form.html.erb (3.4ms)
  Rendered messages/new.html.erb within layouts/application (8.7ms)
Completed 200 OK in 45ms (Views: 41.4ms | ActiveRecord: 0.0ms)


Started GET "/messages/" for 127.0.0.1 at 2018-04-08 15:27:34 -0700
Processing by MessagesController#index as HTML
  Rendering messages/index.html.erb within layouts/application
  [1m[36mMessage Load (18.4ms)[0m  [1m[34mSELECT "messages".* FROM "messages"[0m
  Rendered messages/index.html.erb within layouts/application (22.9ms)
Completed 200 OK in 79ms (Views: 52.2ms | ActiveRecord: 18.4ms)


Started GET "/messages" for 127.0.0.1 at 2018-04-08 15:27:38 -0700
Processing by MessagesController#index as HTML
  Rendering messages/index.html.erb within layouts/application
  [1m[36mMessage Load (0.4ms)[0m  [1m[34mSELECT "messages".* FROM "messages"[0m
  Rendered messages/index.html.erb within layouts/application (3.1ms)
Completed 200 OK in 45ms (Views: 41.3ms | ActiveRecord: 0.4ms)


Started GET "/messages" for 127.0.0.1 at 2018-04-08 15:27:38 -0700
Processing by MessagesController#index as HTML
  Rendering messages/index.html.erb within layouts/application
  [1m[36mMessage Load (0.4ms)[0m  [1m[34mSELECT "messages".* FROM "messages"[0m
  Rendered messages/index.html.erb within layouts/application (3.6ms)
Completed 200 OK in 47ms (Views: 41.0ms | ActiveRecord: 0.4ms)


Started GET "/messages/new" for 127.0.0.1 at 2018-04-08 15:29:09 -0700
Processing by MessagesController#new as HTML
  Rendering messages/new.html.erb within layouts/application
  Rendered messages/_form.html.erb (3.5ms)
  Rendered messages/new.html.erb within layouts/application (7.3ms)
Completed 200 OK in 75ms (Views: 68.9ms | ActiveRecord: 0.0ms)


Started POST "/messages" for 127.0.0.1 at 2018-04-08 15:29:17 -0700
Processing by MessagesController#create as HTML
  Parameters: {"utf8"=>"✓", "authenticity_token"=>"HD0ybKol8uNQr7UMFNPLyySIG56ph8HqI22MKESw50tya1Jmeu0/Vp/CIaoJV5GZt8Hd1DCds3LE/6Wpe3rkog==", "message"=>{"name"=>"Jim Harbaugh", "number"=>"123456789"}, "commit"=>"Create Message"}
  [1m[35m (6.8ms)[0m  [1m[35mBEGIN[0m
  [1m[35mSQL (36.6ms)[0m  [1m[32mINSERT INTO "messages" ("name", "number", "created_at", "updated_at") VALUES ($1, $2, $3, $4) RETURNING "id"[0m  [["name", "Jim Harbaugh"], ["number", 123456789], ["created_at", "2018-04-08 22:29:17.559069"], ["updated_at", "2018-04-08 22:29:17.559069"]]
  [1m[35m (0.6ms)[0m  [1m[35mCOMMIT[0m
Redirected to http://localhost:3000/messages/1
Completed 302 Found in 53ms (ActiveRecord: 44.0ms)


Started GET "/messages/1" for 127.0.0.1 at 2018-04-08 15:29:17 -0700
Processing by MessagesController#show as HTML
  Parameters: {"id"=>"1"}
  [1m[36mMessage Load (0.3ms)[0m  [1m[34mSELECT  "messages".* FROM "messages" WHERE "messages"."id" = $1 LIMIT $2[0m  [["id", 1], ["LIMIT", 1]]
  Rendering messages/show.html.erb within layouts/application
  Rendered messages/show.html.erb within layouts/application (1.2ms)
Completed 200 OK in 49ms (Views: 29.6ms | ActiveRecord: 6.8ms)


Started GET "/messages" for 127.0.0.1 at 2018-04-08 15:29:19 -0700
Processing by MessagesController#index as HTML
  Rendering messages/index.html.erb within layouts/application
  [1m[36mMessage Load (0.3ms)[0m  [1m[34mSELECT "messages".* FROM "messages"[0m
  Rendered messages/index.html.erb within layouts/application (3.0ms)
Completed 200 OK in 37ms (Views: 32.8ms | ActiveRecord: 0.3ms)


Started GET "/messages/1" for 127.0.0.1 at 2018-04-08 15:29:23 -0700
Processing by MessagesController#show as HTML
  Parameters: {"id"=>"1"}
  [1m[36mMessage Load (0.5ms)[0m  [1m[34mSELECT  "messages".* FROM "messages" WHERE "messages"."id" = $1 LIMIT $2[0m  [["id", 1], ["LIMIT", 1]]
  Rendering messages/show.html.erb within layouts/application
  Rendered messages/show.html.erb within layouts/application (1.1ms)
Completed 200 OK in 52ms (Views: 44.2ms | ActiveRecord: 0.5ms)


